[2023/10/14 21:7:37]  [INFO] [Main] -----------------------------------------------------
[2023/10/14 21:7:37]  [INFO] [Main] 
   _____                                     
  / ____|                                    
 | |        ___   _ __    ___   __  __   ___ 
 | |       / _ \ | '__|  / _ \  \ \/ /  / _ \
 | |____  |  __/ | |    | (_) |  >  <  |  __/
  \_____|  \___| |_|     \___/  /_/\_\  \___|
                                             
                                             
[2023/10/14 21:7:37]  [INFO] [Main] Current log file : D:\陈冠桥专用\resources\Engineering\code\AtomServerX\logs\2023-10-14-21-7-37.log
[2023/10/14 21:7:37]  [INFO] [Main] LOCAL_DOMAIN_NAME: 127.0.0.1
[2023/10/14 21:7:37]  [INFO] [Main] Listen HOST_CONNECT_PORT on 802
[2023/10/14 21:7:37]  [INFO] [Main] Listen HOST_HOOK_PORT on 801
[2023/10/14 21:7:37]  [INFO] [Main] Listen WINDOWS_UPDATE_PORT on 803
[2023/10/14 21:7:37]  [INFO] [Main] Listen LINUX_UPDATE_PORT on 804
[2023/10/14 21:7:37]  [INFO] [Main] Support client versions: 4.9-RELEASE|5.0-RELEASE
[2023/10/14 21:7:37]  [INFO] [Main] No EXE file in exe directory , close thread...
[2023/10/14 21:7:37]  [INFO] [Main] No JAR file in jar directory , close thread...
[2023/10/14 21:8:35]  [INFO] [Main] HostClient on /127.0.0.1:56361 try to connect !
[2023/10/14 21:8:35]  [INFO] [Main] HostClient on /127.0.0.1:56361 register successfully!
[2023/10/14 21:8:35]  [INFO] [Main] Assigned connection address: 127.0.0.1:50000
